-------------------------------------------------------------------------------
Test set: com.backend.backend.BackendApplicationTests
-------------------------------------------------------------------------------
Tests run: 1, Failures: 0, Errors: 1, Skipped: 0, Time elapsed: 0.206 s <<< FAILURE! - in com.backend.backend.BackendApplicationTests
com.backend.backend.BackendApplicationTests  Time elapsed: 0.204 s  <<< ERROR!
java.lang.IllegalStateException: Unable to find a @SpringBootConfiguration, you need to use @ContextConfiguration or @SpringBootTest(classes=...) with your test

